{"/home/rodrigo/Documents/projects/university/clasi-app/src/components/ClassificationInProgressCard.tsx": {"path":"/home/rodrigo/Documents/projects/university/clasi-app/src/components/ClassificationInProgressCard.tsx","statementMap":{"0":{"start":{"line":19,"column":37},"end":{"line":84,"column":1}},"1":{"start":{"line":20,"column":52},"end":{"line":20,"column":57}},"2":{"start":{"line":22,"column":30},"end":{"line":34,"column":3}},"3":{"start":{"line":26,"column":4},"end":{"line":28,"column":5}},"4":{"start":{"line":27,"column":6},"end":{"line":27,"column":27}},"5":{"start":{"line":30,"column":21},"end":{"line":30,"column":43}},"6":{"start":{"line":31,"column":20},"end":{"line":31,"column":48}},"7":{"start":{"line":32,"column":20},"end":{"line":32,"column":58}},"8":{"start":{"line":33,"column":4},"end":{"line":33,"column":35}},"9":{"start":{"line":36,"column":15},"end":{"line":36,"column":58}},"10":{"start":{"line":38,"column":24},"end":{"line":43,"column":3}},"11":{"start":{"line":39,"column":24},"end":{"line":39,"column":86}},"12":{"start":{"line":40,"column":4},"end":{"line":42,"column":7}},"13":{"start":{"line":45,"column":2},"end":{"line":83,"column":4}},"14":{"start":{"line":71,"column":27},"end":{"line":71,"column":44}},"15":{"start":{"line":88,"column":15},"end":{"line":118,"column":2}},"16":{"start":{"line":125,"column":85},"end":{"line":125,"column":38900}},"17":{"start":{"line":125,"column":89},"end":{"line":125,"column":38889}},"18":{"start":{"line":125,"column":39015},"end":{"line":125,"column":39021}},"19":{"start":{"line":125,"column":39136},"end":{"line":125,"column":39142}},"20":{"start":{"line":125,"column":39261},"end":{"line":125,"column":39267}},"21":{"start":{"line":125,"column":39411},"end":{"line":125,"column":39417}}},"fnMap":{"0":{"name":"(anonymous_0)","decl":{"start":{"line":19,"column":37},"end":{"line":19,"column":38}},"loc":{"start":{"line":19,"column":55},"end":{"line":84,"column":1}},"line":19},"1":{"name":"(anonymous_1)","decl":{"start":{"line":22,"column":30},"end":{"line":22,"column":31}},"loc":{"start":{"line":25,"column":7},"end":{"line":34,"column":3}},"line":25},"2":{"name":"(anonymous_2)","decl":{"start":{"line":38,"column":24},"end":{"line":38,"column":25}},"loc":{"start":{"line":38,"column":48},"end":{"line":43,"column":3}},"line":38},"3":{"name":"(anonymous_3)","decl":{"start":{"line":71,"column":21},"end":{"line":71,"column":22}},"loc":{"start":{"line":71,"column":27},"end":{"line":71,"column":44}},"line":71},"4":{"name":"oo_cm","decl":{"start":{"line":125,"column":77},"end":{"line":125,"column":82}},"loc":{"start":{"line":125,"column":84},"end":{"line":125,"column":38901}},"line":125}},"branchMap":{"0":{"loc":{"start":{"line":26,"column":4},"end":{"line":28,"column":5}},"type":"if","locations":[{"start":{"line":26,"column":4},"end":{"line":28,"column":5}},{"start":{},"end":{}}],"line":26},"1":{"loc":{"start":{"line":125,"column":96},"end":{"line":125,"column":38888}},"type":"binary-expr","locations":[{"start":{"line":125,"column":96},"end":{"line":125,"column":133}},{"start":{"line":125,"column":137},"end":{"line":125,"column":38888}}],"line":125}},"s":{"0":2,"1":0,"2":0,"3":0,"4":0,"5":0,"6":0,"7":0,"8":0,"9":0,"10":0,"11":0,"12":0,"13":0,"14":0,"15":2,"16":0,"17":0,"18":2,"19":2,"20":2,"21":2},"f":{"0":0,"1":0,"2":0,"3":0,"4":0},"b":{"0":[0,0],"1":[0,0]},"_coverageSchema":"1a1c01bbd47fc00a2c39e90264f33305004495a9","hash":"dc5f4317099e3396372bbb1097ff263eeee16144"}
,"/home/rodrigo/Documents/projects/university/clasi-app/src/components/ClassificationPaiChart.tsx": {"path":"/home/rodrigo/Documents/projects/university/clasi-app/src/components/ClassificationPaiChart.tsx","statementMap":{"0":{"start":{"line":8,"column":31},"end":{"line":208,"column":1}},"1":{"start":{"line":9,"column":38},"end":{"line":9,"column":57}},"2":{"start":{"line":10,"column":32},"end":{"line":17,"column":7}},"3":{"start":{"line":18,"column":38},"end":{"line":26,"column":4}},"4":{"start":{"line":28,"column":21},"end":{"line":77,"column":3}},"5":{"start":{"line":29,"column":24},"end":{"line":29,"column":54}},"6":{"start":{"line":30,"column":18},"end":{"line":30,"column":73}},"7":{"start":{"line":30,"column":58},"end":{"line":30,"column":69}},"8":{"start":{"line":31,"column":4},"end":{"line":31,"column":25}},"9":{"start":{"line":34,"column":6},"end":{"line":34,"column":40}},"10":{"start":{"line":37,"column":26},"end":{"line":38,"column":45}},"11":{"start":{"line":38,"column":6},"end":{"line":38,"column":45}},"12":{"start":{"line":40,"column":4},"end":{"line":44,"column":7}},"13":{"start":{"line":46,"column":17},"end":{"line":74,"column":6}},"14":{"start":{"line":47,"column":18},"end":{"line":47,"column":20}},"15":{"start":{"line":48,"column":32},"end":{"line":48,"column":34}},"16":{"start":{"line":49,"column":6},"end":{"line":66,"column":7}},"17":{"start":{"line":51,"column":10},"end":{"line":51,"column":28}},"18":{"start":{"line":52,"column":10},"end":{"line":52,"column":42}},"19":{"start":{"line":53,"column":10},"end":{"line":53,"column":16}},"20":{"start":{"line":55,"column":10},"end":{"line":55,"column":28}},"21":{"start":{"line":56,"column":10},"end":{"line":56,"column":42}},"22":{"start":{"line":57,"column":10},"end":{"line":57,"column":16}},"23":{"start":{"line":59,"column":10},"end":{"line":59,"column":28}},"24":{"start":{"line":60,"column":10},"end":{"line":60,"column":42}},"25":{"start":{"line":61,"column":10},"end":{"line":61,"column":16}},"26":{"start":{"line":63,"column":10},"end":{"line":63,"column":28}},"27":{"start":{"line":64,"column":10},"end":{"line":64,"column":42}},"28":{"start":{"line":65,"column":10},"end":{"line":65,"column":16}},"29":{"start":{"line":68,"column":6},"end":{"line":73,"column":8}},"30":{"start":{"line":76,"column":4},"end":{"line":76,"column":21}},"31":{"start":{"line":79,"column":2},"end":{"line":81,"column":9}},"32":{"start":{"line":80,"column":4},"end":{"line":80,"column":17}},"33":{"start":{"line":83,"column":20},"end":{"line":95,"column":3}},"34":{"start":{"line":84,"column":4},"end":{"line":94,"column":6}},"35":{"start":{"line":97,"column":32},"end":{"line":146,"column":3}},"36":{"start":{"line":98,"column":4},"end":{"line":145,"column":6}},"37":{"start":{"line":148,"column":2},"end":{"line":207,"column":4}},"38":{"start":{"line":190,"column":12},"end":{"line":201,"column":14}}},"fnMap":{"0":{"name":"(anonymous_0)","decl":{"start":{"line":8,"column":31},"end":{"line":8,"column":32}},"loc":{"start":{"line":8,"column":58},"end":{"line":208,"column":1}},"line":8},"1":{"name":"(anonymous_1)","decl":{"start":{"line":28,"column":21},"end":{"line":28,"column":22}},"loc":{"start":{"line":28,"column":27},"end":{"line":77,"column":3}},"line":28},"2":{"name":"(anonymous_2)","decl":{"start":{"line":30,"column":37},"end":{"line":30,"column":38}},"loc":{"start":{"line":30,"column":58},"end":{"line":30,"column":69}},"line":30},"3":{"name":"roundToTwoDigits","decl":{"start":{"line":33,"column":13},"end":{"line":33,"column":29}},"loc":{"start":{"line":33,"column":51},"end":{"line":35,"column":5}},"line":33},"4":{"name":"(anonymous_4)","decl":{"start":{"line":37,"column":26},"end":{"line":37,"column":27}},"loc":{"start":{"line":38,"column":6},"end":{"line":38,"column":45}},"line":38},"5":{"name":"(anonymous_5)","decl":{"start":{"line":46,"column":33},"end":{"line":46,"column":34}},"loc":{"start":{"line":46,"column":51},"end":{"line":74,"column":5}},"line":46},"6":{"name":"(anonymous_6)","decl":{"start":{"line":79,"column":12},"end":{"line":79,"column":13}},"loc":{"start":{"line":79,"column":18},"end":{"line":81,"column":3}},"line":79},"7":{"name":"(anonymous_7)","decl":{"start":{"line":83,"column":20},"end":{"line":83,"column":21}},"loc":{"start":{"line":83,"column":55},"end":{"line":95,"column":3}},"line":83},"8":{"name":"(anonymous_8)","decl":{"start":{"line":97,"column":32},"end":{"line":97,"column":33}},"loc":{"start":{"line":97,"column":38},"end":{"line":146,"column":3}},"line":97},"9":{"name":"(anonymous_9)","decl":{"start":{"line":189,"column":32},"end":{"line":189,"column":33}},"loc":{"start":{"line":189,"column":38},"end":{"line":202,"column":11}},"line":189}},"branchMap":{"0":{"loc":{"start":{"line":41,"column":19},"end":{"line":41,"column":65}},"type":"binary-expr","locations":[{"start":{"line":41,"column":19},"end":{"line":41,"column":60}},{"start":{"line":41,"column":64},"end":{"line":41,"column":65}}],"line":41},"1":{"loc":{"start":{"line":42,"column":15},"end":{"line":42,"column":57}},"type":"binary-expr","locations":[{"start":{"line":42,"column":15},"end":{"line":42,"column":52}},{"start":{"line":42,"column":56},"end":{"line":42,"column":57}}],"line":42},"2":{"loc":{"start":{"line":43,"column":21},"end":{"line":43,"column":69}},"type":"binary-expr","locations":[{"start":{"line":43,"column":21},"end":{"line":43,"column":64}},{"start":{"line":43,"column":68},"end":{"line":43,"column":69}}],"line":43},"3":{"loc":{"start":{"line":49,"column":6},"end":{"line":66,"column":7}},"type":"switch","locations":[{"start":{"line":50,"column":8},"end":{"line":53,"column":16}},{"start":{"line":54,"column":8},"end":{"line":57,"column":16}},{"start":{"line":58,"column":8},"end":{"line":61,"column":16}},{"start":{"line":62,"column":8},"end":{"line":65,"column":16}}],"line":49},"4":{"loc":{"start":{"line":176,"column":9},"end":{"line":178,"column":14}},"type":"cond-expr","locations":[{"start":{"line":177,"column":12},"end":{"line":177,"column":68}},{"start":{"line":178,"column":12},"end":{"line":178,"column":14}}],"line":176}},"s":{"0":1,"1":0,"2":0,"3":0,"4":0,"5":0,"6":0,"7":0,"8":0,"9":0,"10":0,"11":0,"12":0,"13":0,"14":0,"15":0,"16":0,"17":0,"18":0,"19":0,"20":0,"21":0,"22":0,"23":0,"24":0,"25":0,"26":0,"27":0,"28":0,"29":0,"30":0,"31":0,"32":0,"33":0,"34":0,"35":0,"36":0,"37":0,"38":0},"f":{"0":0,"1":0,"2":0,"3":0,"4":0,"5":0,"6":0,"7":0,"8":0,"9":0},"b":{"0":[0,0],"1":[0,0],"2":[0,0],"3":[0,0,0,0],"4":[0,0]},"_coverageSchema":"1a1c01bbd47fc00a2c39e90264f33305004495a9","hash":"2c6c313a6ebd703742f907ba07ee0e47ae4d62d1"}
,"/home/rodrigo/Documents/projects/university/clasi-app/src/components/HistoricCard.tsx": {"path":"/home/rodrigo/Documents/projects/university/clasi-app/src/components/HistoricCard.tsx","statementMap":{"0":{"start":{"line":20,"column":21},"end":{"line":99,"column":1}},"1":{"start":{"line":21,"column":52},"end":{"line":21,"column":57}},"2":{"start":{"line":39,"column":31},"end":{"line":47,"column":3}},"3":{"start":{"line":40,"column":4},"end":{"line":46,"column":5}},"4":{"start":{"line":41,"column":6},"end":{"line":41,"column":46}},"5":{"start":{"line":43,"column":6},"end":{"line":43,"column":53}},"6":{"start":{"line":45,"column":26},"end":{"line":45,"column":81}},"7":{"start":{"line":49,"column":18},"end":{"line":53,"column":3}},"8":{"start":{"line":50,"column":4},"end":{"line":52,"column":7}},"9":{"start":{"line":55,"column":2},"end":{"line":98,"column":4}},"10":{"start":{"line":86,"column":27},"end":{"line":86,"column":51}},"11":{"start":{"line":103,"column":15},"end":{"line":133,"column":2}},"12":{"start":{"line":140,"column":85},"end":{"line":140,"column":38900}},"13":{"start":{"line":140,"column":89},"end":{"line":140,"column":38889}},"14":{"start":{"line":140,"column":39015},"end":{"line":140,"column":39021}},"15":{"start":{"line":140,"column":39136},"end":{"line":140,"column":39142}},"16":{"start":{"line":140,"column":39261},"end":{"line":140,"column":39267}},"17":{"start":{"line":140,"column":39411},"end":{"line":140,"column":39417}}},"fnMap":{"0":{"name":"(anonymous_0)","decl":{"start":{"line":20,"column":21},"end":{"line":20,"column":22}},"loc":{"start":{"line":20,"column":39},"end":{"line":99,"column":1}},"line":20},"1":{"name":"(anonymous_1)","decl":{"start":{"line":39,"column":31},"end":{"line":39,"column":32}},"loc":{"start":{"line":39,"column":55},"end":{"line":47,"column":3}},"line":39},"2":{"name":"(anonymous_2)","decl":{"start":{"line":49,"column":18},"end":{"line":49,"column":19}},"loc":{"start":{"line":49,"column":24},"end":{"line":53,"column":3}},"line":49},"3":{"name":"(anonymous_3)","decl":{"start":{"line":86,"column":21},"end":{"line":86,"column":22}},"loc":{"start":{"line":86,"column":27},"end":{"line":86,"column":51}},"line":86},"4":{"name":"oo_cm","decl":{"start":{"line":140,"column":77},"end":{"line":140,"column":82}},"loc":{"start":{"line":140,"column":84},"end":{"line":140,"column":38901}},"line":140}},"branchMap":{"0":{"loc":{"start":{"line":76,"column":15},"end":{"line":78,"column":49}},"type":"cond-expr","locations":[{"start":{"line":77,"column":18},"end":{"line":77,"column":28}},{"start":{"line":78,"column":18},"end":{"line":78,"column":49}}],"line":76},"1":{"loc":{"start":{"line":140,"column":96},"end":{"line":140,"column":38888}},"type":"binary-expr","locations":[{"start":{"line":140,"column":96},"end":{"line":140,"column":133}},{"start":{"line":140,"column":137},"end":{"line":140,"column":38888}}],"line":140}},"s":{"0":2,"1":0,"2":0,"3":0,"4":0,"5":0,"6":0,"7":0,"8":0,"9":0,"10":0,"11":2,"12":0,"13":0,"14":2,"15":2,"16":2,"17":2},"f":{"0":0,"1":0,"2":0,"3":0,"4":0},"b":{"0":[0,0],"1":[0,0]},"_coverageSchema":"1a1c01bbd47fc00a2c39e90264f33305004495a9","hash":"6bc5a248fe40103d2a6e5353f6eee38d2312a97d"}
,"/home/rodrigo/Documents/projects/university/clasi-app/src/components/Loading.tsx": {"path":"/home/rodrigo/Documents/projects/university/clasi-app/src/components/Loading.tsx","statementMap":{"0":{"start":{"line":5,"column":16},"end":{"line":46,"column":1}},"1":{"start":{"line":6,"column":25},"end":{"line":6,"column":30}},"2":{"start":{"line":7,"column":2},"end":{"line":45,"column":4}}},"fnMap":{"0":{"name":"(anonymous_0)","decl":{"start":{"line":5,"column":16},"end":{"line":5,"column":17}},"loc":{"start":{"line":5,"column":40},"end":{"line":46,"column":1}},"line":5}},"branchMap":{"0":{"loc":{"start":{"line":17,"column":17},"end":{"line":17,"column":39}},"type":"cond-expr","locations":[{"start":{"line":17,"column":24},"end":{"line":17,"column":30}},{"start":{"line":17,"column":33},"end":{"line":17,"column":39}}],"line":17},"1":{"loc":{"start":{"line":20,"column":7},"end":{"line":43,"column":14}},"type":"cond-expr","locations":[{"start":{"line":21,"column":8},"end":{"line":42,"column":15}},{"start":{"line":43,"column":10},"end":{"line":43,"column":14}}],"line":20},"2":{"loc":{"start":{"line":40,"column":13},"end":{"line":40,"column":40}},"type":"cond-expr","locations":[{"start":{"line":40,"column":20},"end":{"line":40,"column":24}},{"start":{"line":40,"column":27},"end":{"line":40,"column":40}}],"line":40}},"s":{"0":3,"1":0,"2":0},"f":{"0":0},"b":{"0":[0,0],"1":[0,0],"2":[0,0]},"_coverageSchema":"1a1c01bbd47fc00a2c39e90264f33305004495a9","hash":"3b0765552bea129b51af2f84e73a54609b8544df"}
,"/home/rodrigo/Documents/projects/university/clasi-app/src/contants/constants.ts": {"path":"/home/rodrigo/Documents/projects/university/clasi-app/src/contants/constants.ts","statementMap":{"0":{"start":{"line":1,"column":31},"end":{"line":1,"column":38}},"1":{"start":{"line":2,"column":31},"end":{"line":2,"column":38}},"2":{"start":{"line":3,"column":36},"end":{"line":3,"column":48}},"3":{"start":{"line":4,"column":35},"end":{"line":4,"column":46}},"4":{"start":{"line":5,"column":49},"end":{"line":5,"column":74}},"5":{"start":{"line":7,"column":28},"end":{"line":7,"column":37}},"6":{"start":{"line":8,"column":32},"end":{"line":8,"column":45}},"7":{"start":{"line":9,"column":33},"end":{"line":9,"column":47}}},"fnMap":{},"branchMap":{},"s":{"0":2,"1":2,"2":2,"3":2,"4":2,"5":2,"6":2,"7":2},"f":{},"b":{},"_coverageSchema":"1a1c01bbd47fc00a2c39e90264f33305004495a9","hash":"5bad38758b1386614bd737e32ad7f044832b2b32"}
,"/home/rodrigo/Documents/projects/university/clasi-app/src/handlers/classifications/createClassification.ts": {"path":"/home/rodrigo/Documents/projects/university/clasi-app/src/handlers/classifications/createClassification.ts","statementMap":{"0":{"start":{"line":7,"column":47},"end":{"line":16,"column":1}},"1":{"start":{"line":10,"column":29},"end":{"line":10,"column":79}},"2":{"start":{"line":11,"column":2},"end":{"line":13,"column":3}},"3":{"start":{"line":12,"column":4},"end":{"line":12,"column":16}},"4":{"start":{"line":15,"column":2},"end":{"line":15,"column":33}}},"fnMap":{"0":{"name":"(anonymous_0)","decl":{"start":{"line":7,"column":47},"end":{"line":7,"column":48}},"loc":{"start":{"line":9,"column":45},"end":{"line":16,"column":1}},"line":9}},"branchMap":{"0":{"loc":{"start":{"line":11,"column":2},"end":{"line":13,"column":3}},"type":"if","locations":[{"start":{"line":11,"column":2},"end":{"line":13,"column":3}},{"start":{},"end":{}}],"line":11}},"s":{"0":1,"1":0,"2":0,"3":0,"4":0},"f":{"0":0},"b":{"0":[0,0]},"_coverageSchema":"1a1c01bbd47fc00a2c39e90264f33305004495a9","hash":"b23dbd91c43fe5f9b035b9cee53be8eab0c2e33c"}
,"/home/rodrigo/Documents/projects/university/clasi-app/src/handlers/suppliers/createSupplier.ts": {"path":"/home/rodrigo/Documents/projects/university/clasi-app/src/handlers/suppliers/createSupplier.ts","statementMap":{"0":{"start":{"line":4,"column":37},"end":{"line":12,"column":1}},"1":{"start":{"line":7,"column":21},"end":{"line":7,"column":54}},"2":{"start":{"line":9,"column":19},"end":{"line":9,"column":52}},"3":{"start":{"line":11,"column":2},"end":{"line":11,"column":18}}},"fnMap":{"0":{"name":"(anonymous_0)","decl":{"start":{"line":4,"column":37},"end":{"line":4,"column":38}},"loc":{"start":{"line":6,"column":32},"end":{"line":12,"column":1}},"line":6}},"branchMap":{},"s":{"0":1,"1":0,"2":0,"3":0},"f":{"0":0},"b":{},"_coverageSchema":"1a1c01bbd47fc00a2c39e90264f33305004495a9","hash":"bba33f745935df4b0bc99a17852baea0dc7e162e"}
,"/home/rodrigo/Documents/projects/university/clasi-app/src/screens/ClassificationInProgressList.tsx": {"path":"/home/rodrigo/Documents/projects/university/clasi-app/src/screens/ClassificationInProgressList.tsx","statementMap":{"0":{"start":{"line":13,"column":37},"end":{"line":80,"column":1}},"1":{"start":{"line":14,"column":38},"end":{"line":14,"column":62}},"2":{"start":{"line":15,"column":54},"end":{"line":17,"column":7}},"3":{"start":{"line":19,"column":32},"end":{"line":36,"column":3}},"4":{"start":{"line":20,"column":4},"end":{"line":35,"column":5}},"5":{"start":{"line":21,"column":6},"end":{"line":21,"column":26}},"6":{"start":{"line":22,"column":38},"end":{"line":22,"column":71}},"7":{"start":{"line":23,"column":23},"end":{"line":29,"column":7}},"8":{"start":{"line":25,"column":10},"end":{"line":28,"column":53}},"9":{"start":{"line":30,"column":6},"end":{"line":30,"column":53}},"10":{"start":{"line":31,"column":6},"end":{"line":31,"column":27}},"11":{"start":{"line":33,"column":6},"end":{"line":33,"column":19}},"12":{"start":{"line":34,"column":6},"end":{"line":34,"column":27}},"13":{"start":{"line":38,"column":2},"end":{"line":40,"column":9}},"14":{"start":{"line":39,"column":4},"end":{"line":39,"column":28}},"15":{"start":{"line":42,"column":2},"end":{"line":79,"column":4}},"16":{"start":{"line":63,"column":10},"end":{"line":73,"column":12}},"17":{"start":{"line":84,"column":15},"end":{"line":97,"column":2}}},"fnMap":{"0":{"name":"(anonymous_0)","decl":{"start":{"line":13,"column":37},"end":{"line":13,"column":38}},"loc":{"start":{"line":13,"column":70},"end":{"line":80,"column":1}},"line":13},"1":{"name":"(anonymous_1)","decl":{"start":{"line":19,"column":32},"end":{"line":19,"column":33}},"loc":{"start":{"line":19,"column":44},"end":{"line":36,"column":3}},"line":19},"2":{"name":"(anonymous_2)","decl":{"start":{"line":24,"column":8},"end":{"line":24,"column":9}},"loc":{"start":{"line":25,"column":10},"end":{"line":28,"column":53}},"line":25},"3":{"name":"(anonymous_3)","decl":{"start":{"line":38,"column":12},"end":{"line":38,"column":13}},"loc":{"start":{"line":38,"column":18},"end":{"line":40,"column":3}},"line":38},"4":{"name":"(anonymous_4)","decl":{"start":{"line":62,"column":31},"end":{"line":62,"column":32}},"loc":{"start":{"line":62,"column":51},"end":{"line":74,"column":9}},"line":62}},"branchMap":{"0":{"loc":{"start":{"line":25,"column":10},"end":{"line":28,"column":53}},"type":"binary-expr","locations":[{"start":{"line":25,"column":10},"end":{"line":25,"column":54}},{"start":{"line":26,"column":10},"end":{"line":26,"column":51}},{"start":{"line":27,"column":10},"end":{"line":27,"column":55}},{"start":{"line":28,"column":10},"end":{"line":28,"column":53}}],"line":25},"1":{"loc":{"start":{"line":46,"column":25},"end":{"line":46,"column":65}},"type":"cond-expr","locations":[{"start":{"line":46,"column":38},"end":{"line":46,"column":55}},{"start":{"line":46,"column":58},"end":{"line":46,"column":65}}],"line":46},"2":{"loc":{"start":{"line":61,"column":7},"end":{"line":77,"column":14}},"type":"cond-expr","locations":[{"start":{"line":62,"column":8},"end":{"line":74,"column":10}},{"start":{"line":75,"column":10},"end":{"line":77,"column":14}}],"line":61},"3":{"loc":{"start":{"line":70,"column":16},"end":{"line":70,"column":77}},"type":"cond-expr","locations":[{"start":{"line":70,"column":45},"end":{"line":70,"column":49}},{"start":{"line":70,"column":52},"end":{"line":70,"column":77}}],"line":70},"4":{"loc":{"start":{"line":75,"column":10},"end":{"line":77,"column":14}},"type":"cond-expr","locations":[{"start":{"line":76,"column":8},"end":{"line":76,"column":55}},{"start":{"line":77,"column":10},"end":{"line":77,"column":14}}],"line":75}},"s":{"0":1,"1":0,"2":0,"3":0,"4":0,"5":0,"6":0,"7":0,"8":0,"9":0,"10":0,"11":0,"12":0,"13":0,"14":0,"15":0,"16":0,"17":1},"f":{"0":0,"1":0,"2":0,"3":0,"4":0},"b":{"0":[0,0,0,0],"1":[0,0],"2":[0,0],"3":[0,0],"4":[0,0]},"_coverageSchema":"1a1c01bbd47fc00a2c39e90264f33305004495a9","hash":"a53538d294a7e25458458431e47f1be909111f26"}
,"/home/rodrigo/Documents/projects/university/clasi-app/src/screens/HistoricClassification.tsx": {"path":"/home/rodrigo/Documents/projects/university/clasi-app/src/screens/HistoricClassification.tsx","statementMap":{"0":{"start":{"line":17,"column":31},"end":{"line":160,"column":1}},"1":{"start":{"line":18,"column":38},"end":{"line":18,"column":62}},"2":{"start":{"line":19,"column":54},"end":{"line":21,"column":7}},"3":{"start":{"line":22,"column":52},"end":{"line":22,"column":72}},"4":{"start":{"line":23,"column":38},"end":{"line":23,"column":66}},"5":{"start":{"line":24,"column":70},"end":{"line":26,"column":7}},"6":{"start":{"line":28,"column":38},"end":{"line":39,"column":3}},"7":{"start":{"line":29,"column":4},"end":{"line":38,"column":5}},"8":{"start":{"line":30,"column":6},"end":{"line":30,"column":26}},"9":{"start":{"line":31,"column":38},"end":{"line":31,"column":71}},"10":{"start":{"line":33,"column":6},"end":{"line":33,"column":53}},"11":{"start":{"line":34,"column":6},"end":{"line":34,"column":27}},"12":{"start":{"line":36,"column":6},"end":{"line":36,"column":19}},"13":{"start":{"line":37,"column":6},"end":{"line":37,"column":27}},"14":{"start":{"line":41,"column":28},"end":{"line":51,"column":3}},"15":{"start":{"line":42,"column":4},"end":{"line":50,"column":5}},"16":{"start":{"line":43,"column":6},"end":{"line":43,"column":26}},"17":{"start":{"line":44,"column":25},"end":{"line":44,"column":79}},"18":{"start":{"line":45,"column":6},"end":{"line":45,"column":32}},"19":{"start":{"line":46,"column":6},"end":{"line":46,"column":27}},"20":{"start":{"line":48,"column":6},"end":{"line":48,"column":19}},"21":{"start":{"line":49,"column":6},"end":{"line":49,"column":27}},"22":{"start":{"line":53,"column":23},"end":{"line":63,"column":3}},"23":{"start":{"line":54,"column":4},"end":{"line":62,"column":5}},"24":{"start":{"line":55,"column":6},"end":{"line":55,"column":56}},"25":{"start":{"line":57,"column":23},"end":{"line":59,"column":7}},"26":{"start":{"line":58,"column":28},"end":{"line":58,"column":76}},"27":{"start":{"line":61,"column":6},"end":{"line":61,"column":46}},"28":{"start":{"line":65,"column":2},"end":{"line":68,"column":9}},"29":{"start":{"line":66,"column":4},"end":{"line":66,"column":34}},"30":{"start":{"line":67,"column":4},"end":{"line":67,"column":24}},"31":{"start":{"line":70,"column":2},"end":{"line":74,"column":19}},"32":{"start":{"line":71,"column":4},"end":{"line":73,"column":5}},"33":{"start":{"line":72,"column":6},"end":{"line":72,"column":28}},"34":{"start":{"line":76,"column":20},"end":{"line":85,"column":3}},"35":{"start":{"line":77,"column":4},"end":{"line":84,"column":5}},"36":{"start":{"line":78,"column":6},"end":{"line":78,"column":26}},"37":{"start":{"line":79,"column":6},"end":{"line":79,"column":42}},"38":{"start":{"line":80,"column":6},"end":{"line":80,"column":27}},"39":{"start":{"line":82,"column":6},"end":{"line":82,"column":19}},"40":{"start":{"line":83,"column":6},"end":{"line":83,"column":27}},"41":{"start":{"line":87,"column":2},"end":{"line":159,"column":4}},"42":{"start":{"line":109,"column":10},"end":{"line":109,"column":34}},"43":{"start":{"line":110,"column":10},"end":{"line":110,"column":42}},"44":{"start":{"line":124,"column":10},"end":{"line":130,"column":12}},"45":{"start":{"line":138,"column":25},"end":{"line":138,"column":36}},"46":{"start":{"line":143,"column":10},"end":{"line":153,"column":12}},"47":{"start":{"line":164,"column":15},"end":{"line":177,"column":2}}},"fnMap":{"0":{"name":"(anonymous_0)","decl":{"start":{"line":17,"column":31},"end":{"line":17,"column":32}},"loc":{"start":{"line":17,"column":64},"end":{"line":160,"column":1}},"line":17},"1":{"name":"(anonymous_1)","decl":{"start":{"line":28,"column":38},"end":{"line":28,"column":39}},"loc":{"start":{"line":28,"column":50},"end":{"line":39,"column":3}},"line":28},"2":{"name":"(anonymous_2)","decl":{"start":{"line":41,"column":28},"end":{"line":41,"column":29}},"loc":{"start":{"line":41,"column":40},"end":{"line":51,"column":3}},"line":41},"3":{"name":"(anonymous_3)","decl":{"start":{"line":53,"column":23},"end":{"line":53,"column":24}},"loc":{"start":{"line":53,"column":48},"end":{"line":63,"column":3}},"line":53},"4":{"name":"(anonymous_4)","decl":{"start":{"line":58,"column":8},"end":{"line":58,"column":9}},"loc":{"start":{"line":58,"column":28},"end":{"line":58,"column":76}},"line":58},"5":{"name":"(anonymous_5)","decl":{"start":{"line":65,"column":12},"end":{"line":65,"column":13}},"loc":{"start":{"line":65,"column":18},"end":{"line":68,"column":3}},"line":65},"6":{"name":"(anonymous_6)","decl":{"start":{"line":70,"column":12},"end":{"line":70,"column":13}},"loc":{"start":{"line":70,"column":18},"end":{"line":74,"column":3}},"line":70},"7":{"name":"(anonymous_7)","decl":{"start":{"line":76,"column":20},"end":{"line":76,"column":21}},"loc":{"start":{"line":76,"column":32},"end":{"line":85,"column":3}},"line":76},"8":{"name":"(anonymous_8)","decl":{"start":{"line":108,"column":23},"end":{"line":108,"column":24}},"loc":{"start":{"line":108,"column":46},"end":{"line":111,"column":9}},"line":108},"9":{"name":"(anonymous_9)","decl":{"start":{"line":123,"column":25},"end":{"line":123,"column":26}},"loc":{"start":{"line":123,"column":47},"end":{"line":131,"column":9}},"line":123},"10":{"name":"(anonymous_10)","decl":{"start":{"line":138,"column":19},"end":{"line":138,"column":20}},"loc":{"start":{"line":138,"column":25},"end":{"line":138,"column":36}},"line":138},"11":{"name":"(anonymous_11)","decl":{"start":{"line":142,"column":39},"end":{"line":142,"column":40}},"loc":{"start":{"line":142,"column":59},"end":{"line":154,"column":9}},"line":142}},"branchMap":{"0":{"loc":{"start":{"line":54,"column":4},"end":{"line":62,"column":5}},"type":"if","locations":[{"start":{"line":54,"column":4},"end":{"line":62,"column":5}},{"start":{"line":56,"column":11},"end":{"line":62,"column":5}}],"line":54},"1":{"loc":{"start":{"line":71,"column":4},"end":{"line":73,"column":5}},"type":"if","locations":[{"start":{"line":71,"column":4},"end":{"line":73,"column":5}},{"start":{},"end":{}}],"line":71},"2":{"loc":{"start":{"line":91,"column":25},"end":{"line":91,"column":65}},"type":"cond-expr","locations":[{"start":{"line":91,"column":38},"end":{"line":91,"column":55}},{"start":{"line":91,"column":58},"end":{"line":91,"column":65}}],"line":91},"3":{"loc":{"start":{"line":133,"column":7},"end":{"line":140,"column":7}},"type":"binary-expr","locations":[{"start":{"line":133,"column":7},"end":{"line":133,"column":36}},{"start":{"line":134,"column":8},"end":{"line":139,"column":18}}],"line":133},"4":{"loc":{"start":{"line":141,"column":7},"end":{"line":157,"column":14}},"type":"cond-expr","locations":[{"start":{"line":142,"column":8},"end":{"line":154,"column":10}},{"start":{"line":155,"column":10},"end":{"line":157,"column":14}}],"line":141},"5":{"loc":{"start":{"line":150,"column":16},"end":{"line":150,"column":77}},"type":"cond-expr","locations":[{"start":{"line":150,"column":45},"end":{"line":150,"column":49}},{"start":{"line":150,"column":52},"end":{"line":150,"column":77}}],"line":150},"6":{"loc":{"start":{"line":155,"column":10},"end":{"line":157,"column":14}},"type":"cond-expr","locations":[{"start":{"line":156,"column":8},"end":{"line":156,"column":55}},{"start":{"line":157,"column":10},"end":{"line":157,"column":14}}],"line":155}},"s":{"0":1,"1":0,"2":0,"3":0,"4":0,"5":0,"6":0,"7":0,"8":0,"9":0,"10":0,"11":0,"12":0,"13":0,"14":0,"15":0,"16":0,"17":0,"18":0,"19":0,"20":0,"21":0,"22":0,"23":0,"24":0,"25":0,"26":0,"27":0,"28":0,"29":0,"30":0,"31":0,"32":0,"33":0,"34":0,"35":0,"36":0,"37":0,"38":0,"39":0,"40":0,"41":0,"42":0,"43":0,"44":0,"45":0,"46":0,"47":1},"f":{"0":0,"1":0,"2":0,"3":0,"4":0,"5":0,"6":0,"7":0,"8":0,"9":0,"10":0,"11":0},"b":{"0":[0,0],"1":[0,0],"2":[0,0],"3":[0,0],"4":[0,0],"5":[0,0],"6":[0,0]},"_coverageSchema":"1a1c01bbd47fc00a2c39e90264f33305004495a9","hash":"983b2cd35657d18a48daadbbd61483b603edeb3c"}
,"/home/rodrigo/Documents/projects/university/clasi-app/src/screens/SeedClassificationDetail.tsx": {"path":"/home/rodrigo/Documents/projects/university/clasi-app/src/screens/SeedClassificationDetail.tsx","statementMap":{"0":{"start":{"line":10,"column":33},"end":{"line":91,"column":1}},"1":{"start":{"line":11,"column":13},"end":{"line":11,"column":28}},"2":{"start":{"line":13,"column":4},"end":{"line":13,"column":49}},"3":{"start":{"line":15,"column":38},"end":{"line":18,"column":3}},"4":{"start":{"line":16,"column":31},"end":{"line":16,"column":66}},"5":{"start":{"line":17,"column":4},"end":{"line":17,"column":46}},"6":{"start":{"line":20,"column":2},"end":{"line":22,"column":9}},"7":{"start":{"line":21,"column":4},"end":{"line":21,"column":34}},"8":{"start":{"line":24,"column":2},"end":{"line":30,"column":3}},"9":{"start":{"line":25,"column":4},"end":{"line":29,"column":6}},"10":{"start":{"line":32,"column":2},"end":{"line":38,"column":3}},"11":{"start":{"line":33,"column":4},"end":{"line":37,"column":6}},"12":{"start":{"line":40,"column":2},"end":{"line":90,"column":4}}},"fnMap":{"0":{"name":"(anonymous_0)","decl":{"start":{"line":10,"column":33},"end":{"line":10,"column":34}},"loc":{"start":{"line":10,"column":55},"end":{"line":91,"column":1}},"line":10},"1":{"name":"(anonymous_1)","decl":{"start":{"line":15,"column":38},"end":{"line":15,"column":39}},"loc":{"start":{"line":15,"column":50},"end":{"line":18,"column":3}},"line":15},"2":{"name":"(anonymous_2)","decl":{"start":{"line":20,"column":12},"end":{"line":20,"column":13}},"loc":{"start":{"line":20,"column":18},"end":{"line":22,"column":3}},"line":20}},"branchMap":{"0":{"loc":{"start":{"line":24,"column":2},"end":{"line":30,"column":3}},"type":"if","locations":[{"start":{"line":24,"column":2},"end":{"line":30,"column":3}},{"start":{},"end":{}}],"line":24},"1":{"loc":{"start":{"line":32,"column":2},"end":{"line":38,"column":3}},"type":"if","locations":[{"start":{"line":32,"column":2},"end":{"line":38,"column":3}},{"start":{},"end":{}}],"line":32},"2":{"loc":{"start":{"line":56,"column":11},"end":{"line":59,"column":42}},"type":"cond-expr","locations":[{"start":{"line":58,"column":14},"end":{"line":58,"column":27}},{"start":{"line":59,"column":14},"end":{"line":59,"column":42}}],"line":56},"3":{"loc":{"start":{"line":56,"column":11},"end":{"line":57,"column":55}},"type":"binary-expr","locations":[{"start":{"line":56,"column":11},"end":{"line":56,"column":59}},{"start":{"line":57,"column":10},"end":{"line":57,"column":55}}],"line":56},"4":{"loc":{"start":{"line":63,"column":11},"end":{"line":66,"column":43}},"type":"cond-expr","locations":[{"start":{"line":65,"column":14},"end":{"line":65,"column":29}},{"start":{"line":66,"column":14},"end":{"line":66,"column":43}}],"line":63},"5":{"loc":{"start":{"line":63,"column":11},"end":{"line":64,"column":57}},"type":"binary-expr","locations":[{"start":{"line":63,"column":11},"end":{"line":63,"column":60}},{"start":{"line":64,"column":10},"end":{"line":64,"column":57}}],"line":63},"6":{"loc":{"start":{"line":69,"column":7},"end":{"line":88,"column":7}},"type":"cond-expr","locations":[{"start":{"line":73,"column":8},"end":{"line":81,"column":15}},{"start":{"line":83,"column":8},"end":{"line":87,"column":10}}],"line":69}},"s":{"0":1,"1":0,"2":0,"3":0,"4":0,"5":0,"6":0,"7":0,"8":0,"9":0,"10":0,"11":0,"12":0},"f":{"0":0,"1":0,"2":0},"b":{"0":[0,0],"1":[0,0],"2":[0,0],"3":[0,0],"4":[0,0],"5":[0,0],"6":[0,0]},"_coverageSchema":"1a1c01bbd47fc00a2c39e90264f33305004495a9","hash":"14e00758cd7839d62ff73fc620c404d73b4d4a2a"}
,"/home/rodrigo/Documents/projects/university/clasi-app/src/screens/SeedsSuplierRegister.tsx": {"path":"/home/rodrigo/Documents/projects/university/clasi-app/src/screens/SeedsSuplierRegister.tsx","statementMap":{"0":{"start":{"line":14,"column":29},"end":{"line":138,"column":1}},"1":{"start":{"line":15,"column":42},"end":{"line":15,"column":62}},"2":{"start":{"line":16,"column":48},"end":{"line":16,"column":68}},"3":{"start":{"line":17,"column":44},"end":{"line":17,"column":64}},"4":{"start":{"line":18,"column":44},"end":{"line":18,"column":64}},"5":{"start":{"line":19,"column":54},"end":{"line":19,"column":74}},"6":{"start":{"line":21,"column":4},"end":{"line":21,"column":24}},"7":{"start":{"line":22,"column":13},"end":{"line":22,"column":24}},"8":{"start":{"line":23,"column":15},"end":{"line":23,"column":28}},"9":{"start":{"line":25,"column":34},"end":{"line":56,"column":3}},"10":{"start":{"line":26,"column":4},"end":{"line":34,"column":5}},"11":{"start":{"line":32,"column":6},"end":{"line":32,"column":46}},"12":{"start":{"line":33,"column":6},"end":{"line":33,"column":13}},"13":{"start":{"line":35,"column":4},"end":{"line":55,"column":5}},"14":{"start":{"line":36,"column":6},"end":{"line":43,"column":9}},"15":{"start":{"line":45,"column":6},"end":{"line":45,"column":50}},"16":{"start":{"line":47,"column":6},"end":{"line":47,"column":26}},"17":{"start":{"line":48,"column":6},"end":{"line":48,"column":27}},"18":{"start":{"line":49,"column":6},"end":{"line":49,"column":32}},"19":{"start":{"line":50,"column":6},"end":{"line":50,"column":35}},"20":{"start":{"line":51,"column":6},"end":{"line":51,"column":27}},"21":{"start":{"line":52,"column":6},"end":{"line":52,"column":29}},"22":{"start":{"line":54,"column":6},"end":{"line":54,"column":19}},"23":{"start":{"line":58,"column":2},"end":{"line":137,"column":4}},"24":{"start":{"line":62,"column":23},"end":{"line":62,"column":46}},"25":{"start":{"line":78,"column":36},"end":{"line":78,"column":57}},"26":{"start":{"line":85,"column":36},"end":{"line":85,"column":58}},"27":{"start":{"line":92,"column":36},"end":{"line":92,"column":63}},"28":{"start":{"line":99,"column":36},"end":{"line":99,"column":66}},"29":{"start":{"line":106,"column":36},"end":{"line":106,"column":58}},"30":{"start":{"line":113,"column":36},"end":{"line":113,"column":60}},"31":{"start":{"line":120,"column":27},"end":{"line":120,"column":52}},"32":{"start":{"line":142,"column":15},"end":{"line":166,"column":2}}},"fnMap":{"0":{"name":"(anonymous_0)","decl":{"start":{"line":14,"column":29},"end":{"line":14,"column":30}},"loc":{"start":{"line":14,"column":35},"end":{"line":138,"column":1}},"line":14},"1":{"name":"(anonymous_1)","decl":{"start":{"line":25,"column":34},"end":{"line":25,"column":35}},"loc":{"start":{"line":25,"column":46},"end":{"line":56,"column":3}},"line":25},"2":{"name":"(anonymous_2)","decl":{"start":{"line":62,"column":17},"end":{"line":62,"column":18}},"loc":{"start":{"line":62,"column":23},"end":{"line":62,"column":46}},"line":62},"3":{"name":"(anonymous_3)","decl":{"start":{"line":78,"column":26},"end":{"line":78,"column":27}},"loc":{"start":{"line":78,"column":36},"end":{"line":78,"column":57}},"line":78},"4":{"name":"(anonymous_4)","decl":{"start":{"line":85,"column":26},"end":{"line":85,"column":27}},"loc":{"start":{"line":85,"column":36},"end":{"line":85,"column":58}},"line":85},"5":{"name":"(anonymous_5)","decl":{"start":{"line":92,"column":26},"end":{"line":92,"column":27}},"loc":{"start":{"line":92,"column":36},"end":{"line":92,"column":63}},"line":92},"6":{"name":"(anonymous_6)","decl":{"start":{"line":99,"column":26},"end":{"line":99,"column":27}},"loc":{"start":{"line":99,"column":36},"end":{"line":99,"column":66}},"line":99},"7":{"name":"(anonymous_7)","decl":{"start":{"line":106,"column":26},"end":{"line":106,"column":27}},"loc":{"start":{"line":106,"column":36},"end":{"line":106,"column":58}},"line":106},"8":{"name":"(anonymous_8)","decl":{"start":{"line":113,"column":26},"end":{"line":113,"column":27}},"loc":{"start":{"line":113,"column":36},"end":{"line":113,"column":60}},"line":113},"9":{"name":"(anonymous_9)","decl":{"start":{"line":120,"column":21},"end":{"line":120,"column":22}},"loc":{"start":{"line":120,"column":27},"end":{"line":120,"column":52}},"line":120}},"branchMap":{"0":{"loc":{"start":{"line":26,"column":4},"end":{"line":34,"column":5}},"type":"if","locations":[{"start":{"line":26,"column":4},"end":{"line":34,"column":5}},{"start":{},"end":{}}],"line":26},"1":{"loc":{"start":{"line":27,"column":6},"end":{"line":30,"column":28}},"type":"binary-expr","locations":[{"start":{"line":27,"column":6},"end":{"line":27,"column":19}},{"start":{"line":28,"column":6},"end":{"line":28,"column":20}},{"start":{"line":29,"column":6},"end":{"line":29,"column":25}},{"start":{"line":30,"column":6},"end":{"line":30,"column":28}}],"line":27}},"s":{"0":1,"1":8,"2":8,"3":8,"4":8,"5":8,"6":8,"7":8,"8":8,"9":8,"10":1,"11":0,"12":0,"13":1,"14":1,"15":1,"16":1,"17":1,"18":1,"19":1,"20":1,"21":1,"22":0,"23":8,"24":0,"25":1,"26":1,"27":1,"28":1,"29":1,"30":1,"31":1,"32":1},"f":{"0":8,"1":1,"2":0,"3":1,"4":1,"5":1,"6":1,"7":1,"8":1,"9":1},"b":{"0":[0,1],"1":[1,1,1,1]},"_coverageSchema":"1a1c01bbd47fc00a2c39e90264f33305004495a9","hash":"b37ddf06fbf676af5427cb69eb698bba56665c11"}
,"/home/rodrigo/Documents/projects/university/clasi-app/src/screens/TaskRegister.tsx": {"path":"/home/rodrigo/Documents/projects/university/clasi-app/src/screens/TaskRegister.tsx","statementMap":{"0":{"start":{"line":15,"column":22},"end":{"line":32,"column":1}},"1":{"start":{"line":34,"column":21},"end":{"line":275,"column":1}},"2":{"start":{"line":35,"column":38},"end":{"line":37,"column":7}},"3":{"start":{"line":38,"column":36},"end":{"line":40,"column":3}},"4":{"start":{"line":41,"column":32},"end":{"line":41,"column":56}},"5":{"start":{"line":42,"column":40},"end":{"line":44,"column":3}},"6":{"start":{"line":45,"column":50},"end":{"line":45,"column":70}},"7":{"start":{"line":46,"column":46},"end":{"line":46,"column":66}},"8":{"start":{"line":48,"column":34},"end":{"line":58,"column":4}},"9":{"start":{"line":60,"column":35},"end":{"line":67,"column":3}},"10":{"start":{"line":61,"column":24},"end":{"line":61,"column":51}},"11":{"start":{"line":62,"column":4},"end":{"line":62,"column":37}},"12":{"start":{"line":63,"column":4},"end":{"line":66,"column":8}},"13":{"start":{"line":63,"column":27},"end":{"line":66,"column":5}},"14":{"start":{"line":69,"column":33},"end":{"line":75,"column":3}},"15":{"start":{"line":70,"column":4},"end":{"line":70,"column":51}},"16":{"start":{"line":71,"column":4},"end":{"line":74,"column":8}},"17":{"start":{"line":71,"column":27},"end":{"line":74,"column":5}},"18":{"start":{"line":77,"column":24},"end":{"line":87,"column":3}},"19":{"start":{"line":78,"column":26},"end":{"line":80,"column":5}},"20":{"start":{"line":82,"column":31},"end":{"line":85,"column":7}},"21":{"start":{"line":82,"column":57},"end":{"line":85,"column":5}},"22":{"start":{"line":86,"column":4},"end":{"line":86,"column":38}},"23":{"start":{"line":89,"column":23},"end":{"line":97,"column":3}},"24":{"start":{"line":90,"column":26},"end":{"line":90,"column":53}},"25":{"start":{"line":91,"column":4},"end":{"line":96,"column":6}},"26":{"start":{"line":92,"column":32},"end":{"line":95,"column":7}},"27":{"start":{"line":112,"column":2},"end":{"line":116,"column":9}},"28":{"start":{"line":114,"column":4},"end":{"line":114,"column":20}},"29":{"start":{"line":115,"column":4},"end":{"line":115,"column":19}},"30":{"start":{"line":118,"column":34},"end":{"line":154,"column":3}},"31":{"start":{"line":119,"column":21},"end":{"line":119,"column":37}},"32":{"start":{"line":121,"column":24},"end":{"line":121,"column":67}},"33":{"start":{"line":123,"column":4},"end":{"line":153,"column":5}},"34":{"start":{"line":124,"column":6},"end":{"line":124,"column":23}},"35":{"start":{"line":125,"column":51},"end":{"line":136,"column":7}},"36":{"start":{"line":138,"column":6},"end":{"line":138,"column":60}},"37":{"start":{"line":140,"column":6},"end":{"line":140,"column":46}},"38":{"start":{"line":142,"column":6},"end":{"line":148,"column":9}},"39":{"start":{"line":149,"column":6},"end":{"line":149,"column":24}},"40":{"start":{"line":151,"column":6},"end":{"line":151,"column":19}},"41":{"start":{"line":152,"column":6},"end":{"line":152,"column":24}},"42":{"start":{"line":156,"column":2},"end":{"line":274,"column":4}},"43":{"start":{"line":181,"column":12},"end":{"line":181,"column":64}},"44":{"start":{"line":186,"column":35},"end":{"line":186,"column":67}},"45":{"start":{"line":190,"column":12},"end":{"line":196,"column":14}},"46":{"start":{"line":203,"column":12},"end":{"line":203,"column":63}},"47":{"start":{"line":209,"column":12},"end":{"line":215,"column":14}},"48":{"start":{"line":222,"column":12},"end":{"line":222,"column":37}},"49":{"start":{"line":223,"column":12},"end":{"line":223,"column":72}},"50":{"start":{"line":230,"column":12},"end":{"line":232,"column":14}},"51":{"start":{"line":241,"column":35},"end":{"line":241,"column":66}},"52":{"start":{"line":250,"column":35},"end":{"line":250,"column":64}},"53":{"start":{"line":279,"column":15},"end":{"line":327,"column":2}}},"fnMap":{"0":{"name":"(anonymous_0)","decl":{"start":{"line":34,"column":21},"end":{"line":34,"column":22}},"loc":{"start":{"line":34,"column":27},"end":{"line":275,"column":1}},"line":34},"1":{"name":"(anonymous_1)","decl":{"start":{"line":60,"column":35},"end":{"line":60,"column":36}},"loc":{"start":{"line":60,"column":53},"end":{"line":67,"column":3}},"line":60},"2":{"name":"(anonymous_2)","decl":{"start":{"line":63,"column":16},"end":{"line":63,"column":17}},"loc":{"start":{"line":63,"column":27},"end":{"line":66,"column":5}},"line":63},"3":{"name":"(anonymous_3)","decl":{"start":{"line":69,"column":33},"end":{"line":69,"column":34}},"loc":{"start":{"line":69,"column":51},"end":{"line":75,"column":3}},"line":69},"4":{"name":"(anonymous_4)","decl":{"start":{"line":71,"column":16},"end":{"line":71,"column":17}},"loc":{"start":{"line":71,"column":27},"end":{"line":74,"column":5}},"line":71},"5":{"name":"(anonymous_5)","decl":{"start":{"line":77,"column":24},"end":{"line":77,"column":25}},"loc":{"start":{"line":77,"column":36},"end":{"line":87,"column":3}},"line":77},"6":{"name":"(anonymous_6)","decl":{"start":{"line":82,"column":49},"end":{"line":82,"column":50}},"loc":{"start":{"line":82,"column":57},"end":{"line":85,"column":5}},"line":82},"7":{"name":"(anonymous_7)","decl":{"start":{"line":89,"column":23},"end":{"line":89,"column":24}},"loc":{"start":{"line":89,"column":35},"end":{"line":97,"column":3}},"line":89},"8":{"name":"(anonymous_8)","decl":{"start":{"line":92,"column":24},"end":{"line":92,"column":25}},"loc":{"start":{"line":92,"column":32},"end":{"line":95,"column":7}},"line":92},"9":{"name":"(anonymous_9)","decl":{"start":{"line":112,"column":12},"end":{"line":112,"column":13}},"loc":{"start":{"line":112,"column":18},"end":{"line":116,"column":3}},"line":112},"10":{"name":"(anonymous_10)","decl":{"start":{"line":118,"column":34},"end":{"line":118,"column":35}},"loc":{"start":{"line":118,"column":46},"end":{"line":154,"column":3}},"line":118},"11":{"name":"(anonymous_11)","decl":{"start":{"line":180,"column":25},"end":{"line":180,"column":26}},"loc":{"start":{"line":181,"column":12},"end":{"line":181,"column":64}},"line":181},"12":{"name":"(anonymous_12)","decl":{"start":{"line":186,"column":28},"end":{"line":186,"column":29}},"loc":{"start":{"line":186,"column":35},"end":{"line":186,"column":67}},"line":186},"13":{"name":"(anonymous_13)","decl":{"start":{"line":189,"column":27},"end":{"line":189,"column":28}},"loc":{"start":{"line":189,"column":49},"end":{"line":197,"column":11}},"line":189},"14":{"name":"(anonymous_14)","decl":{"start":{"line":202,"column":25},"end":{"line":202,"column":26}},"loc":{"start":{"line":203,"column":12},"end":{"line":203,"column":63}},"line":203},"15":{"name":"(anonymous_15)","decl":{"start":{"line":208,"column":26},"end":{"line":208,"column":27}},"loc":{"start":{"line":208,"column":47},"end":{"line":216,"column":11}},"line":208},"16":{"name":"(anonymous_16)","decl":{"start":{"line":221,"column":25},"end":{"line":221,"column":26}},"loc":{"start":{"line":221,"column":47},"end":{"line":224,"column":11}},"line":221},"17":{"name":"(anonymous_17)","decl":{"start":{"line":229,"column":29},"end":{"line":229,"column":30}},"loc":{"start":{"line":229,"column":46},"end":{"line":233,"column":11}},"line":229},"18":{"name":"(anonymous_18)","decl":{"start":{"line":241,"column":24},"end":{"line":241,"column":25}},"loc":{"start":{"line":241,"column":35},"end":{"line":241,"column":66}},"line":241},"19":{"name":"(anonymous_19)","decl":{"start":{"line":250,"column":24},"end":{"line":250,"column":25}},"loc":{"start":{"line":250,"column":35},"end":{"line":250,"column":64}},"line":250}},"branchMap":{"0":{"loc":{"start":{"line":50,"column":6},"end":{"line":52,"column":14}},"type":"cond-expr","locations":[{"start":{"line":51,"column":10},"end":{"line":51,"column":34}},{"start":{"line":52,"column":10},"end":{"line":52,"column":14}}],"line":50},"1":{"loc":{"start":{"line":50,"column":6},"end":{"line":50,"column":50}},"type":"binary-expr","locations":[{"start":{"line":50,"column":6},"end":{"line":50,"column":22}},{"start":{"line":50,"column":26},"end":{"line":50,"column":50}}],"line":50},"2":{"loc":{"start":{"line":54,"column":6},"end":{"line":54,"column":78}},"type":"cond-expr","locations":[{"start":{"line":54,"column":49},"end":{"line":54,"column":71}},{"start":{"line":54,"column":74},"end":{"line":54,"column":78}}],"line":54},"3":{"loc":{"start":{"line":54,"column":6},"end":{"line":54,"column":46}},"type":"binary-expr","locations":[{"start":{"line":54,"column":6},"end":{"line":54,"column":20}},{"start":{"line":54,"column":24},"end":{"line":54,"column":46}}],"line":54},"4":{"loc":{"start":{"line":121,"column":45},"end":{"line":121,"column":66}},"type":"binary-expr","locations":[{"start":{"line":121,"column":45},"end":{"line":121,"column":60}},{"start":{"line":121,"column":64},"end":{"line":121,"column":66}}],"line":121},"5":{"loc":{"start":{"line":135,"column":16},"end":{"line":135,"column":37}},"type":"binary-expr","locations":[{"start":{"line":135,"column":16},"end":{"line":135,"column":31}},{"start":{"line":135,"column":35},"end":{"line":135,"column":37}}],"line":135},"6":{"loc":{"start":{"line":227,"column":25},"end":{"line":227,"column":70}},"type":"cond-expr","locations":[{"start":{"line":227,"column":47},"end":{"line":227,"column":56}},{"start":{"line":227,"column":59},"end":{"line":227,"column":70}}],"line":227}},"s":{"0":1,"1":1,"2":0,"3":0,"4":0,"5":0,"6":0,"7":0,"8":0,"9":0,"10":0,"11":0,"12":0,"13":0,"14":0,"15":0,"16":0,"17":0,"18":0,"19":0,"20":0,"21":0,"22":0,"23":0,"24":0,"25":0,"26":0,"27":0,"28":0,"29":0,"30":0,"31":0,"32":0,"33":0,"34":0,"35":0,"36":0,"37":0,"38":0,"39":0,"40":0,"41":0,"42":0,"43":0,"44":0,"45":0,"46":0,"47":0,"48":0,"49":0,"50":0,"51":0,"52":0,"53":1},"f":{"0":0,"1":0,"2":0,"3":0,"4":0,"5":0,"6":0,"7":0,"8":0,"9":0,"10":0,"11":0,"12":0,"13":0,"14":0,"15":0,"16":0,"17":0,"18":0,"19":0},"b":{"0":[0,0],"1":[0,0],"2":[0,0],"3":[0,0],"4":[0,0],"5":[0,0],"6":[0,0]},"_coverageSchema":"1a1c01bbd47fc00a2c39e90264f33305004495a9","hash":"e8c9ba10a3cacd4706f955be809c7f83a3c83331"}
,"/home/rodrigo/Documents/projects/university/clasi-app/src/server/FirebaseConfig.ts": {"path":"/home/rodrigo/Documents/projects/university/clasi-app/src/server/FirebaseConfig.ts","statementMap":{"0":{"start":{"line":6,"column":23},"end":{"line":14,"column":1}},"1":{"start":{"line":16,"column":28},"end":{"line":16,"column":66}},"2":{"start":{"line":17,"column":29},"end":{"line":17,"column":50}},"3":{"start":{"line":18,"column":27},"end":{"line":18,"column":53}}},"fnMap":{},"branchMap":{},"s":{"0":4,"1":4,"2":4,"3":4},"f":{},"b":{},"_coverageSchema":"1a1c01bbd47fc00a2c39e90264f33305004495a9","hash":"e672ce44d52cdf8785705dbdde763e212ae9cdfa"}
,"/home/rodrigo/Documents/projects/university/clasi-app/src/services/classification.ts": {"path":"/home/rodrigo/Documents/projects/university/clasi-app/src/services/classification.ts","statementMap":{"0":{"start":{"line":14,"column":21},"end":{"line":14,"column":57}},"1":{"start":{"line":17,"column":37},"end":{"line":38,"column":1}},"2":{"start":{"line":18,"column":24},"end":{"line":18,"column":38}},"3":{"start":{"line":20,"column":2},"end":{"line":24,"column":5}},"4":{"start":{"line":26,"column":19},"end":{"line":35,"column":3}},"5":{"start":{"line":37,"column":2},"end":{"line":37,"column":18}},"6":{"start":{"line":41,"column":41},"end":{"line":49,"column":1}},"7":{"start":{"line":42,"column":19},"end":{"line":42,"column":75}},"8":{"start":{"line":44,"column":2},"end":{"line":46,"column":3}},"9":{"start":{"line":45,"column":4},"end":{"line":45,"column":16}},"10":{"start":{"line":48,"column":2},"end":{"line":48,"column":49}},"11":{"start":{"line":51,"column":40},"end":{"line":62,"column":1}},"12":{"start":{"line":56,"column":19},"end":{"line":59,"column":3}},"13":{"start":{"line":61,"column":2},"end":{"line":61,"column":18}},"14":{"start":{"line":64,"column":40},"end":{"line":73,"column":1}},"15":{"start":{"line":67,"column":19},"end":{"line":70,"column":3}},"16":{"start":{"line":72,"column":2},"end":{"line":72,"column":18}},"17":{"start":{"line":75,"column":38},"end":{"line":78,"column":1}},"18":{"start":{"line":76,"column":19},"end":{"line":76,"column":69}},"19":{"start":{"line":77,"column":2},"end":{"line":77,"column":51}},"20":{"start":{"line":80,"column":44},"end":{"line":85,"column":1}},"21":{"start":{"line":81,"column":19},"end":{"line":83,"column":3}},"22":{"start":{"line":84,"column":2},"end":{"line":84,"column":51}},"23":{"start":{"line":87,"column":43},"end":{"line":91,"column":1}},"24":{"start":{"line":88,"column":13},"end":{"line":88,"column":24}},"25":{"start":{"line":89,"column":28},"end":{"line":89,"column":74}},"26":{"start":{"line":90,"column":2},"end":{"line":90,"column":37}}},"fnMap":{"0":{"name":"(anonymous_0)","decl":{"start":{"line":17,"column":37},"end":{"line":17,"column":38}},"loc":{"start":{"line":17,"column":77},"end":{"line":38,"column":1}},"line":17},"1":{"name":"(anonymous_1)","decl":{"start":{"line":41,"column":41},"end":{"line":41,"column":42}},"loc":{"start":{"line":41,"column":63},"end":{"line":49,"column":1}},"line":41},"2":{"name":"(anonymous_2)","decl":{"start":{"line":51,"column":40},"end":{"line":51,"column":41}},"loc":{"start":{"line":55,"column":5},"end":{"line":62,"column":1}},"line":55},"3":{"name":"(anonymous_3)","decl":{"start":{"line":64,"column":40},"end":{"line":64,"column":41}},"loc":{"start":{"line":66,"column":5},"end":{"line":73,"column":1}},"line":66},"4":{"name":"(anonymous_4)","decl":{"start":{"line":75,"column":38},"end":{"line":75,"column":39}},"loc":{"start":{"line":75,"column":50},"end":{"line":78,"column":1}},"line":75},"5":{"name":"(anonymous_5)","decl":{"start":{"line":80,"column":44},"end":{"line":80,"column":45}},"loc":{"start":{"line":80,"column":69},"end":{"line":85,"column":1}},"line":80},"6":{"name":"(anonymous_6)","decl":{"start":{"line":87,"column":43},"end":{"line":87,"column":44}},"loc":{"start":{"line":87,"column":80},"end":{"line":91,"column":1}},"line":87}},"branchMap":{"0":{"loc":{"start":{"line":44,"column":2},"end":{"line":46,"column":3}},"type":"if","locations":[{"start":{"line":44,"column":2},"end":{"line":46,"column":3}},{"start":{},"end":{}}],"line":44}},"s":{"0":2,"1":2,"2":0,"3":0,"4":0,"5":0,"6":2,"7":0,"8":0,"9":0,"10":0,"11":2,"12":0,"13":0,"14":2,"15":0,"16":0,"17":2,"18":0,"19":0,"20":2,"21":0,"22":0,"23":2,"24":0,"25":0,"26":0},"f":{"0":0,"1":0,"2":0,"3":0,"4":0,"5":0,"6":0},"b":{"0":[0,0]},"_coverageSchema":"1a1c01bbd47fc00a2c39e90264f33305004495a9","hash":"d6008a8d14cf55e4b90d0a3b708c89d87c9e03b7"}
,"/home/rodrigo/Documents/projects/university/clasi-app/src/services/session.ts": {"path":"/home/rodrigo/Documents/projects/university/clasi-app/src/services/session.ts","statementMap":{"0":{"start":{"line":4,"column":22},"end":{"line":6,"column":1}},"1":{"start":{"line":5,"column":2},"end":{"line":5,"column":39}},"2":{"start":{"line":8,"column":30},"end":{"line":10,"column":1}},"3":{"start":{"line":9,"column":2},"end":{"line":9,"column":35}}},"fnMap":{"0":{"name":"(anonymous_0)","decl":{"start":{"line":4,"column":22},"end":{"line":4,"column":23}},"loc":{"start":{"line":4,"column":49},"end":{"line":6,"column":1}},"line":4},"1":{"name":"(anonymous_1)","decl":{"start":{"line":8,"column":30},"end":{"line":8,"column":31}},"loc":{"start":{"line":8,"column":49},"end":{"line":10,"column":1}},"line":8}},"branchMap":{},"s":{"0":1,"1":0,"2":1,"3":0},"f":{"0":0,"1":0},"b":{},"_coverageSchema":"1a1c01bbd47fc00a2c39e90264f33305004495a9","hash":"7cd1e3f648dc7294afdb5fcbfd69bc7405dbaabd"}
,"/home/rodrigo/Documents/projects/university/clasi-app/src/services/suppliers.ts": {"path":"/home/rodrigo/Documents/projects/university/clasi-app/src/services/suppliers.ts","statementMap":{"0":{"start":{"line":14,"column":11},"end":{"line":14,"column":22}},"1":{"start":{"line":15,"column":13},"end":{"line":15,"column":26}},"2":{"start":{"line":17,"column":30},"end":{"line":29,"column":1}},"3":{"start":{"line":20,"column":32},"end":{"line":20,"column":59}},"4":{"start":{"line":21,"column":26},"end":{"line":26,"column":3}},"5":{"start":{"line":27,"column":22},"end":{"line":27,"column":74}},"6":{"start":{"line":28,"column":2},"end":{"line":28,"column":24}},"7":{"start":{"line":31,"column":28},"end":{"line":52,"column":1}},"8":{"start":{"line":32,"column":32},"end":{"line":32,"column":59}},"9":{"start":{"line":33,"column":12},"end":{"line":36,"column":3}},"10":{"start":{"line":37,"column":24},"end":{"line":37,"column":40}},"11":{"start":{"line":39,"column":2},"end":{"line":41,"column":3}},"12":{"start":{"line":40,"column":4},"end":{"line":40,"column":14}},"13":{"start":{"line":43,"column":20},"end":{"line":49,"column":4}},"14":{"start":{"line":44,"column":17},"end":{"line":44,"column":47}},"15":{"start":{"line":45,"column":4},"end":{"line":48,"column":6}},"16":{"start":{"line":51,"column":2},"end":{"line":51,"column":19}},"17":{"start":{"line":54,"column":31},"end":{"line":68,"column":1}},"18":{"start":{"line":57,"column":32},"end":{"line":57,"column":59}},"19":{"start":{"line":58,"column":22},"end":{"line":58,"column":74}},"20":{"start":{"line":60,"column":2},"end":{"line":62,"column":3}},"21":{"start":{"line":61,"column":4},"end":{"line":61,"column":42}},"22":{"start":{"line":64,"column":2},"end":{"line":67,"column":4}}},"fnMap":{"0":{"name":"(anonymous_0)","decl":{"start":{"line":17,"column":30},"end":{"line":17,"column":31}},"loc":{"start":{"line":19,"column":22},"end":{"line":29,"column":1}},"line":19},"1":{"name":"(anonymous_1)","decl":{"start":{"line":31,"column":28},"end":{"line":31,"column":29}},"loc":{"start":{"line":31,"column":69},"end":{"line":52,"column":1}},"line":31},"2":{"name":"(anonymous_2)","decl":{"start":{"line":43,"column":43},"end":{"line":43,"column":44}},"loc":{"start":{"line":43,"column":52},"end":{"line":49,"column":3}},"line":43},"3":{"name":"(anonymous_3)","decl":{"start":{"line":54,"column":31},"end":{"line":54,"column":32}},"loc":{"start":{"line":56,"column":32},"end":{"line":68,"column":1}},"line":56}},"branchMap":{"0":{"loc":{"start":{"line":23,"column":15},"end":{"line":23,"column":46}},"type":"binary-expr","locations":[{"start":{"line":23,"column":15},"end":{"line":23,"column":38}},{"start":{"line":23,"column":42},"end":{"line":23,"column":46}}],"line":23},"1":{"loc":{"start":{"line":39,"column":2},"end":{"line":41,"column":3}},"type":"if","locations":[{"start":{"line":39,"column":2},"end":{"line":41,"column":3}},{"start":{},"end":{}}],"line":39},"2":{"loc":{"start":{"line":60,"column":2},"end":{"line":62,"column":3}},"type":"if","locations":[{"start":{"line":60,"column":2},"end":{"line":62,"column":3}},{"start":{},"end":{}}],"line":60}},"s":{"0":1,"1":1,"2":1,"3":0,"4":0,"5":0,"6":0,"7":1,"8":0,"9":0,"10":0,"11":0,"12":0,"13":0,"14":0,"15":0,"16":0,"17":1,"18":0,"19":0,"20":0,"21":0,"22":0},"f":{"0":0,"1":0,"2":0,"3":0},"b":{"0":[0,0],"1":[0,0],"2":[0,0]},"_coverageSchema":"1a1c01bbd47fc00a2c39e90264f33305004495a9","hash":"dfc0e0158c918ed739bf312387a3dff5599a8886"}
,"/home/rodrigo/Documents/projects/university/clasi-app/src/services/users.ts": {"path":"/home/rodrigo/Documents/projects/university/clasi-app/src/services/users.ts","statementMap":{"0":{"start":{"line":19,"column":21},"end":{"line":19,"column":57}},"1":{"start":{"line":20,"column":11},"end":{"line":20,"column":22}},"2":{"start":{"line":21,"column":13},"end":{"line":21,"column":26}},"3":{"start":{"line":23,"column":49},"end":{"line":37,"column":1}},"4":{"start":{"line":26,"column":27},"end":{"line":32,"column":3}},"5":{"start":{"line":34,"column":28},"end":{"line":34,"column":51}},"6":{"start":{"line":35,"column":27},"end":{"line":35,"column":76}},"7":{"start":{"line":36,"column":2},"end":{"line":36,"column":29}},"8":{"start":{"line":39,"column":35},"end":{"line":51,"column":1}},"9":{"start":{"line":40,"column":27},"end":{"line":46,"column":3}},"10":{"start":{"line":48,"column":28},"end":{"line":48,"column":51}},"11":{"start":{"line":49,"column":27},"end":{"line":49,"column":76}},"12":{"start":{"line":50,"column":2},"end":{"line":50,"column":29}},"13":{"start":{"line":53,"column":33},"end":{"line":77,"column":1}},"14":{"start":{"line":56,"column":28},"end":{"line":56,"column":51}},"15":{"start":{"line":57,"column":12},"end":{"line":61,"column":3}},"16":{"start":{"line":63,"column":21},"end":{"line":63,"column":37}},"17":{"start":{"line":65,"column":2},"end":{"line":67,"column":3}},"18":{"start":{"line":66,"column":4},"end":{"line":66,"column":14}},"19":{"start":{"line":69,"column":25},"end":{"line":74,"column":4}},"20":{"start":{"line":70,"column":4},"end":{"line":73,"column":6}},"21":{"start":{"line":76,"column":2},"end":{"line":76,"column":24}},"22":{"start":{"line":79,"column":30},"end":{"line":94,"column":1}},"23":{"start":{"line":80,"column":28},"end":{"line":80,"column":51}},"24":{"start":{"line":81,"column":12},"end":{"line":81,"column":65}},"25":{"start":{"line":83,"column":15},"end":{"line":83,"column":31}},"26":{"start":{"line":85,"column":2},"end":{"line":87,"column":3}},"27":{"start":{"line":86,"column":4},"end":{"line":86,"column":16}},"28":{"start":{"line":89,"column":19},"end":{"line":89,"column":54}},"29":{"start":{"line":90,"column":2},"end":{"line":93,"column":4}},"30":{"start":{"line":96,"column":27},"end":{"line":107,"column":1}},"31":{"start":{"line":97,"column":28},"end":{"line":97,"column":51}},"32":{"start":{"line":99,"column":18},"end":{"line":99,"column":44}},"33":{"start":{"line":100,"column":18},"end":{"line":100,"column":39}},"34":{"start":{"line":102,"column":19},"end":{"line":102,"column":49}},"35":{"start":{"line":103,"column":2},"end":{"line":106,"column":4}}},"fnMap":{"0":{"name":"(anonymous_0)","decl":{"start":{"line":23,"column":49},"end":{"line":23,"column":50}},"loc":{"start":{"line":25,"column":5},"end":{"line":37,"column":1}},"line":25},"1":{"name":"(anonymous_1)","decl":{"start":{"line":39,"column":35},"end":{"line":39,"column":36}},"loc":{"start":{"line":39,"column":72},"end":{"line":51,"column":1}},"line":39},"2":{"name":"(anonymous_2)","decl":{"start":{"line":53,"column":33},"end":{"line":53,"column":34}},"loc":{"start":{"line":55,"column":30},"end":{"line":77,"column":1}},"line":55},"3":{"name":"(anonymous_3)","decl":{"start":{"line":69,"column":45},"end":{"line":69,"column":46}},"loc":{"start":{"line":69,"column":54},"end":{"line":74,"column":3}},"line":69},"4":{"name":"(anonymous_4)","decl":{"start":{"line":79,"column":30},"end":{"line":79,"column":31}},"loc":{"start":{"line":79,"column":55},"end":{"line":94,"column":1}},"line":79},"5":{"name":"(anonymous_5)","decl":{"start":{"line":96,"column":27},"end":{"line":96,"column":28}},"loc":{"start":{"line":96,"column":49},"end":{"line":107,"column":1}},"line":96}},"branchMap":{"0":{"loc":{"start":{"line":43,"column":15},"end":{"line":43,"column":46}},"type":"binary-expr","locations":[{"start":{"line":43,"column":15},"end":{"line":43,"column":38}},{"start":{"line":43,"column":42},"end":{"line":43,"column":46}}],"line":43},"1":{"loc":{"start":{"line":65,"column":2},"end":{"line":67,"column":3}},"type":"if","locations":[{"start":{"line":65,"column":2},"end":{"line":67,"column":3}},{"start":{},"end":{}}],"line":65},"2":{"loc":{"start":{"line":85,"column":2},"end":{"line":87,"column":3}},"type":"if","locations":[{"start":{"line":85,"column":2},"end":{"line":87,"column":3}},{"start":{},"end":{}}],"line":85}},"s":{"0":1,"1":1,"2":1,"3":1,"4":0,"5":0,"6":0,"7":0,"8":1,"9":0,"10":0,"11":0,"12":0,"13":1,"14":0,"15":0,"16":0,"17":0,"18":0,"19":0,"20":0,"21":0,"22":1,"23":0,"24":0,"25":0,"26":0,"27":0,"28":0,"29":0,"30":1,"31":0,"32":0,"33":0,"34":0,"35":0},"f":{"0":0,"1":0,"2":0,"3":0,"4":0,"5":0},"b":{"0":[0,0],"1":[0,0],"2":[0,0]},"_coverageSchema":"1a1c01bbd47fc00a2c39e90264f33305004495a9","hash":"373b45349a41d07e0a4881b10f100ed1ff3879cf"}
}
